file /Users/gavalian/Work/Software/project-1a.0.0/Distribution/jhep/jhep-hipo/src/libcpp/SConstruct,line 20:
	Configure(confdir = .sconf_temp /group/clas12/packages/lz4/lib)
scons: Configure: Checking for C library liblz4... 
scons: Configure: ".sconf_temp /group/clas12/packages/lz4/lib/conftest_0.c" is up to date.
scons: Configure: The original builder output was:
  |.sconf_temp /group/clas12/packages/lz4/lib/conftest_0.c <-
  |  |
  |  |
  |  |
  |  |int
  |  |main() {
  |  |  
  |  |return 0;
  |  |}
  |  |
  |
scons: Configure: ".sconf_temp /group/clas12/packages/lz4/lib/conftest_0.o" is up to date.
scons: Configure: The original builder output was:
  |gcc -o ".sconf_temp /group/clas12/packages/lz4/lib/conftest_0.o" -c -O2 -fPIC -m64 -fmessage-length=0 -g -Iinclude -I. -I/usr/include -I/usr/local/include -I/opt/local/include -Isrc/root -Isrc/evio ".sconf_temp /group/clas12/packages/lz4/lib/conftest_0.c"
  |
scons: Configure: ".sconf_temp /group/clas12/packages/lz4/lib/conftest_0" is up to date.
scons: Configure: The original builder output was:
  |gcc -o ".sconf_temp /group/clas12/packages/lz4/lib/conftest_0" ".sconf_temp /group/clas12/packages/lz4/lib/conftest_0.o" -L/opt/local/lib -L/usr/lib -L/usr/local/lib -llz4
  |
scons: Configure: (cached) yes

scons: Configure: Checking for C library libz... 
scons: Configure: ".sconf_temp /group/clas12/packages/lz4/lib/conftest_1.c" is up to date.
scons: Configure: The original builder output was:
  |.sconf_temp /group/clas12/packages/lz4/lib/conftest_1.c <-
  |  |
  |  |
  |  |
  |  |int
  |  |main() {
  |  |  
  |  |return 0;
  |  |}
  |  |
  |
scons: Configure: ".sconf_temp /group/clas12/packages/lz4/lib/conftest_1.o" is up to date.
scons: Configure: The original builder output was:
  |gcc -o ".sconf_temp /group/clas12/packages/lz4/lib/conftest_1.o" -c -O2 -fPIC -m64 -fmessage-length=0 -g -D__LZ4__ -Iinclude -I. -I/usr/include -I/usr/local/include -I/opt/local/include -Isrc/root -Isrc/evio ".sconf_temp /group/clas12/packages/lz4/lib/conftest_1.c"
  |
scons: Configure: ".sconf_temp /group/clas12/packages/lz4/lib/conftest_1" is up to date.
scons: Configure: The original builder output was:
  |gcc -o ".sconf_temp /group/clas12/packages/lz4/lib/conftest_1" ".sconf_temp /group/clas12/packages/lz4/lib/conftest_1.o" -L/opt/local/lib -L/usr/lib -L/usr/local/lib -llz4 -lz
  |
scons: Configure: (cached) yes

